MRC: Drummond, SECTOR: AGRICOLE,  RMSE: 372701.7511680865, MAPE: 0.04679513552757044
Best p: 2, Best q: 1
MRC: Drummond, SECTOR: INDUSTRIEL,  RMSE: 890411.2480965782, MAPE: 0.026746394318477886
Best p: 2, Best q: 1
MRC: Drummond, SECTOR: COMMERCIAL,  RMSE: 3539539.2268409175, MAPE: 0.10350173882832049
Best p: 1, Best q: 2
MRC: Drummond, SECTOR: RÉSIDENTIEL,  RMSE: 10603160.334084952, MAPE: 0.16128006031308847
Best p: 1, Best q: 2
MRC: Drummond, SECTOR: INSTITUTIONNEL,  RMSE: 203937.78043265804, MAPE: 0.02604692348737475
Best p: 2, Best q: 1
MRC: Les Etchemins, SECTOR: AGRICOLE,  RMSE: 179589.58205461985, MAPE: 0.10960539610260171
Best p: 1, Best q: 0
MRC: Les Etchemins, SECTOR: INDUSTRIEL,  RMSE: 198343.54870216854, MAPE: 0.06750658919078907
Best p: 0, Best q: 2
MRC: Les Etchemins, SECTOR: COMMERCIAL,  RMSE: 174386.7936218341, MAPE: 0.04494220769475887
Best p: 2, Best q: 1
MRC: Les Etchemins, SECTOR: RÉSIDENTIEL,  RMSE: 1669462.583923446, MAPE: 0.15275590322780633
Best p: 1, Best q: 2
MRC: Les Etchemins, SECTOR: INSTITUTIONNEL,  RMSE: 105707.27509101813, MAPE: 0.11457524848926022
Best p: 1, Best q: 2
MRC: Drummond, SECTOR: AGRICOLE,  RMSE: 372701.7511680865, MAPE: 0.04679513552757044
Best p: 2, Best q: 1
MRC: Drummond, SECTOR: INDUSTRIEL,  RMSE: 890411.2480965782, MAPE: 0.026746394318477886
Best p: 2, Best q: 1
MRC: Drummond, SECTOR: COMMERCIAL,  RMSE: 3539539.2268409175, MAPE: 0.10350173882832049
Best p: 1, Best q: 2
MRC: Drummond, SECTOR: RÉSIDENTIEL,  RMSE: 10603160.334084952, MAPE: 0.16128006031308847
Best p: 1, Best q: 2
MRC: Drummond, SECTOR: INSTITUTIONNEL,  RMSE: 203937.78043265804, MAPE: 0.02604692348737475
Best p: 2, Best q: 1
MRC: Les Etchemins, SECTOR: AGRICOLE,  RMSE: 179589.58205461985, MAPE: 0.10960539610260171
Best p: 1, Best q: 0
MRC: Les Etchemins, SECTOR: INDUSTRIEL,  RMSE: 198343.54870216854, MAPE: 0.06750658919078907
Best p: 0, Best q: 2
MRC: Les Etchemins, SECTOR: COMMERCIAL,  RMSE: 174386.7936218341, MAPE: 0.04494220769475887
Best p: 2, Best q: 1
MRC: Les Etchemins, SECTOR: RÉSIDENTIEL,  RMSE: 1669462.583923446, MAPE: 0.15275590322780633
Best p: 1, Best q: 2
MRC: Les Etchemins, SECTOR: INSTITUTIONNEL,  RMSE: 105707.27509101813, MAPE: 0.11457524848926022
Best p: 1, Best q: 2
